[2025-07-22T13:50:09.902+0000] {local_task_job_runner.py:120} INFO - ::group::Pre task execution logs
[2025-07-22T13:50:09.931+0000] {taskinstance.py:2076} INFO - Dependencies all met for dep_context=non-requeueable deps ti=<TaskInstance: mlops_spotify_pipeline.train_model manual__2025-07-22T13:50:00.853864+00:00 [queued]>
[2025-07-22T13:50:09.938+0000] {taskinstance.py:2076} INFO - Dependencies all met for dep_context=requeueable deps ti=<TaskInstance: mlops_spotify_pipeline.train_model manual__2025-07-22T13:50:00.853864+00:00 [queued]>
[2025-07-22T13:50:09.939+0000] {taskinstance.py:2306} INFO - Starting attempt 1 of 2
[2025-07-22T13:50:09.952+0000] {taskinstance.py:2330} INFO - Executing <Task(PythonOperator): train_model> on 2025-07-22 13:50:00.853864+00:00
[2025-07-22T13:50:09.961+0000] {standard_task_runner.py:90} INFO - Running: ['***', 'tasks', 'run', 'mlops_spotify_pipeline', 'train_model', 'manual__2025-07-22T13:50:00.853864+00:00', '--job-id', '55', '--raw', '--subdir', 'DAGS_FOLDER/spotify_crawl_dag.py', '--cfg-path', '/tmp/tmp3uxdezc1']
[2025-07-22T13:50:09.966+0000] {standard_task_runner.py:91} INFO - Job 55: Subtask train_model
[2025-07-22T13:50:09.966+0000] {logging_mixin.py:188} WARNING - /home/***/.local/lib/python3.12/site-packages/***/task/task_runner/standard_task_runner.py:61 DeprecationWarning: This process (pid=230) is multi-threaded, use of fork() may lead to deadlocks in the child.
[2025-07-22T13:50:09.967+0000] {standard_task_runner.py:63} INFO - Started process 243 to run task
[2025-07-22T13:50:10.023+0000] {task_command.py:426} INFO - Running <TaskInstance: mlops_spotify_pipeline.train_model manual__2025-07-22T13:50:00.853864+00:00 [running]> on host 50b774ef1b2b
[2025-07-22T13:50:10.103+0000] {taskinstance.py:2648} INFO - Exporting env vars: AIRFLOW_CTX_DAG_OWNER='***' AIRFLOW_CTX_DAG_ID='mlops_spotify_pipeline' AIRFLOW_CTX_TASK_ID='train_model' AIRFLOW_CTX_EXECUTION_DATE='2025-07-22T13:50:00.853864+00:00' AIRFLOW_CTX_TRY_NUMBER='1' AIRFLOW_CTX_DAG_RUN_ID='manual__2025-07-22T13:50:00.853864+00:00'
[2025-07-22T13:50:10.105+0000] {taskinstance.py:430} INFO - ::endgroup::
[2025-07-22T13:50:10.117+0000] {spotify_crawl_dag.py:68} INFO - Starting train_model_wrapper task
[2025-07-22T13:50:10.132+0000] {spotify_crawl_dag.py:75} INFO - Training model with features from /opt/***/data/features.npz
[2025-07-22T13:50:10.133+0000] {train_model.py:16} INFO - Starting train_and_register_model with features file: /opt/***/data/features.npz
[2025-07-22T13:50:10.134+0000] {train_model.py:19} INFO - Loading features from /opt/***/data/features.npz
[2025-07-22T13:50:10.146+0000] {train_model.py:21} INFO - Loaded features with shape: (985, 3)
[2025-07-22T13:50:10.147+0000] {train_model.py:23} INFO - Loading clean_data.csv
[2025-07-22T13:50:10.161+0000] {train_model.py:25} INFO - Loaded DataFrame with 985 rows and columns: ['playlist_id', 'track_id', 'track_name', 'artist_name', 'release_date', 'popularity', 'explicit', 'external_url', 'artist_genres', 'month', 'year', 'popularity_scaled', 'explicit_flag']
[2025-07-22T13:50:10.162+0000] {train_model.py:41} WARNING - Features contain only dummy genre data. Similarity matrix may be less accurate.
[2025-07-22T13:50:10.163+0000] {train_model.py:44} INFO - Computing cosine similarity matrix
[2025-07-22T13:50:10.182+0000] {train_model.py:46} INFO - Computed similarity matrix with shape: (985, 985)
[2025-07-22T13:50:10.183+0000] {train_model.py:50} INFO - Set diagonal of similarity matrix to -1
[2025-07-22T13:50:10.184+0000] {train_model.py:54} INFO - Generating top-10 recommendations for each track
[2025-07-22T13:50:10.186+0000] {train_model.py:78} INFO - Processed recommendations for 1/985 tracks
[2025-07-22T13:50:10.256+0000] {train_model.py:78} INFO - Processed recommendations for 101/985 tracks
[2025-07-22T13:50:10.312+0000] {train_model.py:78} INFO - Processed recommendations for 201/985 tracks
[2025-07-22T13:50:10.369+0000] {train_model.py:78} INFO - Processed recommendations for 301/985 tracks
[2025-07-22T13:50:10.426+0000] {train_model.py:78} INFO - Processed recommendations for 401/985 tracks
[2025-07-22T13:50:10.483+0000] {train_model.py:78} INFO - Processed recommendations for 501/985 tracks
[2025-07-22T13:50:10.543+0000] {train_model.py:78} INFO - Processed recommendations for 601/985 tracks
[2025-07-22T13:50:10.599+0000] {train_model.py:78} INFO - Processed recommendations for 701/985 tracks
[2025-07-22T13:50:10.662+0000] {train_model.py:78} INFO - Processed recommendations for 801/985 tracks
[2025-07-22T13:50:10.749+0000] {train_model.py:78} INFO - Processed recommendations for 901/985 tracks
[2025-07-22T13:50:10.798+0000] {train_model.py:84} INFO - Generated 9850 recommendations
[2025-07-22T13:50:10.808+0000] {train_model.py:87} INFO - Saving recommendations to /opt/***/data/recommend.csv
[2025-07-22T13:50:10.860+0000] {train_model.py:89} INFO - Recommendations saved to /opt/***/data/recommend.csv
[2025-07-22T13:50:10.861+0000] {train_model.py:90} INFO - Completed train_and_register_model
[2025-07-22T13:50:10.862+0000] {spotify_crawl_dag.py:77} INFO - Completed train_model_wrapper task
[2025-07-22T13:50:10.862+0000] {python.py:237} INFO - Done. Returned value was: None
[2025-07-22T13:50:10.863+0000] {taskinstance.py:441} INFO - ::group::Post task execution logs
[2025-07-22T13:50:10.872+0000] {taskinstance.py:1206} INFO - Marking task as SUCCESS. dag_id=mlops_spotify_pipeline, task_id=train_model, run_id=manual__2025-07-22T13:50:00.853864+00:00, execution_date=20250722T135000, start_date=20250722T135009, end_date=20250722T135010
[2025-07-22T13:50:10.903+0000] {local_task_job_runner.py:240} INFO - Task exited with return code 0
[2025-07-22T13:50:10.917+0000] {taskinstance.py:3498} INFO - 0 downstream tasks scheduled from follow-on schedule check
[2025-07-22T13:50:10.920+0000] {local_task_job_runner.py:222} INFO - ::endgroup::
