[2025-07-22T11:28:18.585+0000] {local_task_job_runner.py:120} INFO - ::group::Pre task execution logs
[2025-07-22T11:28:18.612+0000] {taskinstance.py:2076} INFO - Dependencies all met for dep_context=non-requeueable deps ti=<TaskInstance: mlops_spotify_pipeline.crawl_data manual__2025-07-22T11:28:16.422907+00:00 [queued]>
[2025-07-22T11:28:18.619+0000] {taskinstance.py:2076} INFO - Dependencies all met for dep_context=requeueable deps ti=<TaskInstance: mlops_spotify_pipeline.crawl_data manual__2025-07-22T11:28:16.422907+00:00 [queued]>
[2025-07-22T11:28:18.619+0000] {taskinstance.py:2306} INFO - Starting attempt 1 of 2
[2025-07-22T11:28:18.630+0000] {taskinstance.py:2330} INFO - Executing <Task(PythonOperator): crawl_data> on 2025-07-22 11:28:16.422907+00:00
[2025-07-22T11:28:18.640+0000] {standard_task_runner.py:90} INFO - Running: ['***', 'tasks', 'run', 'mlops_spotify_pipeline', 'crawl_data', 'manual__2025-07-22T11:28:16.422907+00:00', '--job-id', '26', '--raw', '--subdir', 'DAGS_FOLDER/spotify_crawl_dag.py', '--cfg-path', '/tmp/tmphbn39pvo']
[2025-07-22T11:28:18.643+0000] {standard_task_runner.py:91} INFO - Job 26: Subtask crawl_data
[2025-07-22T11:28:18.643+0000] {logging_mixin.py:188} WARNING - /home/***/.local/lib/python3.12/site-packages/***/task/task_runner/standard_task_runner.py:61 DeprecationWarning: This process (pid=202) is multi-threaded, use of fork() may lead to deadlocks in the child.
[2025-07-22T11:28:18.644+0000] {standard_task_runner.py:63} INFO - Started process 215 to run task
[2025-07-22T11:28:18.698+0000] {task_command.py:426} INFO - Running <TaskInstance: mlops_spotify_pipeline.crawl_data manual__2025-07-22T11:28:16.422907+00:00 [running]> on host d0316ef76a14
[2025-07-22T11:28:18.786+0000] {taskinstance.py:2648} INFO - Exporting env vars: AIRFLOW_CTX_DAG_OWNER='***' AIRFLOW_CTX_DAG_ID='mlops_spotify_pipeline' AIRFLOW_CTX_TASK_ID='crawl_data' AIRFLOW_CTX_EXECUTION_DATE='2025-07-22T11:28:16.422907+00:00' AIRFLOW_CTX_TRY_NUMBER='1' AIRFLOW_CTX_DAG_RUN_ID='manual__2025-07-22T11:28:16.422907+00:00'
[2025-07-22T11:28:18.788+0000] {taskinstance.py:430} INFO - ::endgroup::
[2025-07-22T11:28:18.818+0000] {checkpoint_manager.py:12} INFO - Loaded checkpoint with 6 playlist IDs
[2025-07-22T11:28:18.820+0000] {spotify_crawl_dag.py:18} INFO - Found 6 pending playlists
[2025-07-22T11:28:18.820+0000] {spotify_crawl_dag.py:22} INFO - Processing playlist 6XFOsAdp88ptBCdqUMAfmP
[2025-07-22T11:28:18.824+0000] {spotify_crawl_dag.py:27} ERROR - Failed to crawl playlist 6XFOsAdp88ptBCdqUMAfmP: string indices must be integers, not 'str'
[2025-07-22T11:28:18.826+0000] {checkpoint_manager.py:19} INFO - Saving checkpoint with 6 playlist IDs
[2025-07-22T11:28:18.832+0000] {spotify_crawl_dag.py:22} INFO - Processing playlist 2JaUyOhoyfmDJlQy1CYjQm
[2025-07-22T11:28:18.835+0000] {spotify_crawl_dag.py:27} ERROR - Failed to crawl playlist 2JaUyOhoyfmDJlQy1CYjQm: string indices must be integers, not 'str'
[2025-07-22T11:28:18.835+0000] {checkpoint_manager.py:19} INFO - Saving checkpoint with 6 playlist IDs
[2025-07-22T11:28:18.838+0000] {spotify_crawl_dag.py:22} INFO - Processing playlist 02zSPmcae3ct4moT8om7kK
[2025-07-22T11:28:18.841+0000] {spotify_crawl_dag.py:27} ERROR - Failed to crawl playlist 02zSPmcae3ct4moT8om7kK: string indices must be integers, not 'str'
[2025-07-22T11:28:18.841+0000] {checkpoint_manager.py:19} INFO - Saving checkpoint with 6 playlist IDs
[2025-07-22T11:28:18.844+0000] {spotify_crawl_dag.py:22} INFO - Processing playlist 1SkrX3lyW8UBELc68IRC4j
[2025-07-22T11:28:18.846+0000] {spotify_crawl_dag.py:27} ERROR - Failed to crawl playlist 1SkrX3lyW8UBELc68IRC4j: string indices must be integers, not 'str'
[2025-07-22T11:28:18.847+0000] {checkpoint_manager.py:19} INFO - Saving checkpoint with 6 playlist IDs
[2025-07-22T11:28:18.849+0000] {spotify_crawl_dag.py:22} INFO - Processing playlist 6VCsmVYfvQI8lmSMEAwWso
[2025-07-22T11:28:18.851+0000] {spotify_crawl_dag.py:27} ERROR - Failed to crawl playlist 6VCsmVYfvQI8lmSMEAwWso: string indices must be integers, not 'str'
[2025-07-22T11:28:18.851+0000] {checkpoint_manager.py:19} INFO - Saving checkpoint with 6 playlist IDs
[2025-07-22T11:28:18.853+0000] {spotify_crawl_dag.py:22} INFO - Processing playlist 0mrqaVOe6KYEEcaSYhVK4a
[2025-07-22T11:28:18.856+0000] {spotify_crawl_dag.py:27} ERROR - Failed to crawl playlist 0mrqaVOe6KYEEcaSYhVK4a: string indices must be integers, not 'str'
[2025-07-22T11:28:18.856+0000] {checkpoint_manager.py:19} INFO - Saving checkpoint with 6 playlist IDs
[2025-07-22T11:28:18.859+0000] {python.py:237} INFO - Done. Returned value was: None
[2025-07-22T11:28:18.859+0000] {taskinstance.py:441} INFO - ::group::Post task execution logs
[2025-07-22T11:28:18.870+0000] {taskinstance.py:1206} INFO - Marking task as SUCCESS. dag_id=mlops_spotify_pipeline, task_id=crawl_data, run_id=manual__2025-07-22T11:28:16.422907+00:00, execution_date=20250722T112816, start_date=20250722T112818, end_date=20250722T112818
[2025-07-22T11:28:18.898+0000] {local_task_job_runner.py:240} INFO - Task exited with return code 0
[2025-07-22T11:28:18.919+0000] {taskinstance.py:3498} INFO - 1 downstream tasks scheduled from follow-on schedule check
[2025-07-22T11:28:18.922+0000] {local_task_job_runner.py:222} INFO - ::endgroup::
