[2025-07-22T12:18:53.036+0000] {local_task_job_runner.py:120} INFO - ::group::Pre task execution logs
[2025-07-22T12:18:53.061+0000] {taskinstance.py:2076} INFO - Dependencies all met for dep_context=non-requeueable deps ti=<TaskInstance: mlops_spotify_pipeline.crawl_data manual__2025-07-22T12:18:51.006769+00:00 [queued]>
[2025-07-22T12:18:53.066+0000] {taskinstance.py:2076} INFO - Dependencies all met for dep_context=requeueable deps ti=<TaskInstance: mlops_spotify_pipeline.crawl_data manual__2025-07-22T12:18:51.006769+00:00 [queued]>
[2025-07-22T12:18:53.067+0000] {taskinstance.py:2306} INFO - Starting attempt 1 of 2
[2025-07-22T12:18:53.078+0000] {taskinstance.py:2330} INFO - Executing <Task(PythonOperator): crawl_data> on 2025-07-22 12:18:51.006769+00:00
[2025-07-22T12:18:53.087+0000] {standard_task_runner.py:90} INFO - Running: ['***', 'tasks', 'run', 'mlops_spotify_pipeline', 'crawl_data', 'manual__2025-07-22T12:18:51.006769+00:00', '--job-id', '30', '--raw', '--subdir', 'DAGS_FOLDER/spotify_crawl_dag.py', '--cfg-path', '/tmp/tmp3mgge1cx']
[2025-07-22T12:18:53.090+0000] {standard_task_runner.py:91} INFO - Job 30: Subtask crawl_data
[2025-07-22T12:18:53.090+0000] {logging_mixin.py:188} WARNING - /home/***/.local/lib/python3.12/site-packages/***/task/task_runner/standard_task_runner.py:61 DeprecationWarning: This process (pid=185) is multi-threaded, use of fork() may lead to deadlocks in the child.
[2025-07-22T12:18:53.091+0000] {standard_task_runner.py:63} INFO - Started process 198 to run task
[2025-07-22T12:18:53.146+0000] {task_command.py:426} INFO - Running <TaskInstance: mlops_spotify_pipeline.crawl_data manual__2025-07-22T12:18:51.006769+00:00 [running]> on host fa39c8bf6d89
[2025-07-22T12:18:53.229+0000] {taskinstance.py:2648} INFO - Exporting env vars: AIRFLOW_CTX_DAG_OWNER='***' AIRFLOW_CTX_DAG_ID='mlops_spotify_pipeline' AIRFLOW_CTX_TASK_ID='crawl_data' AIRFLOW_CTX_EXECUTION_DATE='2025-07-22T12:18:51.006769+00:00' AIRFLOW_CTX_TRY_NUMBER='1' AIRFLOW_CTX_DAG_RUN_ID='manual__2025-07-22T12:18:51.006769+00:00'
[2025-07-22T12:18:53.230+0000] {taskinstance.py:430} INFO - ::endgroup::
[2025-07-22T12:18:53.270+0000] {checkpoint_manager.py:12} INFO - Loaded checkpoint with 6 playlist IDs
[2025-07-22T12:18:53.273+0000] {spotify_crawl_dag.py:18} INFO - Found 6 pending playlists
[2025-07-22T12:18:53.273+0000] {spotify_crawl_dag.py:22} INFO - Processing playlist 6XFOsAdp88ptBCdqUMAfmP
[2025-07-22T12:18:53.277+0000] {spotify_crawl_dag.py:29} ERROR - Unexpected error for playlist 6XFOsAdp88ptBCdqUMAfmP: string indices must be integers, not 'str'
[2025-07-22T12:18:53.278+0000] {checkpoint_manager.py:19} INFO - Saving checkpoint with 6 playlist IDs
[2025-07-22T12:18:53.284+0000] {spotify_crawl_dag.py:22} INFO - Processing playlist 2JaUyOhoyfmDJlQy1CYjQm
[2025-07-22T12:18:53.286+0000] {spotify_crawl_dag.py:29} ERROR - Unexpected error for playlist 2JaUyOhoyfmDJlQy1CYjQm: string indices must be integers, not 'str'
[2025-07-22T12:18:53.287+0000] {checkpoint_manager.py:19} INFO - Saving checkpoint with 6 playlist IDs
[2025-07-22T12:18:53.290+0000] {spotify_crawl_dag.py:22} INFO - Processing playlist 02zSPmcae3ct4moT8om7kK
[2025-07-22T12:18:53.292+0000] {spotify_crawl_dag.py:29} ERROR - Unexpected error for playlist 02zSPmcae3ct4moT8om7kK: string indices must be integers, not 'str'
[2025-07-22T12:18:53.292+0000] {checkpoint_manager.py:19} INFO - Saving checkpoint with 6 playlist IDs
[2025-07-22T12:18:53.295+0000] {spotify_crawl_dag.py:22} INFO - Processing playlist 1SkrX3lyW8UBELc68IRC4j
[2025-07-22T12:18:53.297+0000] {spotify_crawl_dag.py:29} ERROR - Unexpected error for playlist 1SkrX3lyW8UBELc68IRC4j: string indices must be integers, not 'str'
[2025-07-22T12:18:53.298+0000] {checkpoint_manager.py:19} INFO - Saving checkpoint with 6 playlist IDs
[2025-07-22T12:18:53.300+0000] {spotify_crawl_dag.py:22} INFO - Processing playlist 6VCsmVYfvQI8lmSMEAwWso
[2025-07-22T12:18:53.302+0000] {spotify_crawl_dag.py:29} ERROR - Unexpected error for playlist 6VCsmVYfvQI8lmSMEAwWso: string indices must be integers, not 'str'
[2025-07-22T12:18:53.303+0000] {checkpoint_manager.py:19} INFO - Saving checkpoint with 6 playlist IDs
[2025-07-22T12:18:53.305+0000] {spotify_crawl_dag.py:22} INFO - Processing playlist 0mrqaVOe6KYEEcaSYhVK4a
[2025-07-22T12:18:53.308+0000] {spotify_crawl_dag.py:29} ERROR - Unexpected error for playlist 0mrqaVOe6KYEEcaSYhVK4a: string indices must be integers, not 'str'
[2025-07-22T12:18:53.308+0000] {checkpoint_manager.py:19} INFO - Saving checkpoint with 6 playlist IDs
[2025-07-22T12:18:53.311+0000] {python.py:237} INFO - Done. Returned value was: None
[2025-07-22T12:18:53.312+0000] {taskinstance.py:441} INFO - ::group::Post task execution logs
[2025-07-22T12:18:53.323+0000] {taskinstance.py:1206} INFO - Marking task as SUCCESS. dag_id=mlops_spotify_pipeline, task_id=crawl_data, run_id=manual__2025-07-22T12:18:51.006769+00:00, execution_date=20250722T121851, start_date=20250722T121853, end_date=20250722T121853
[2025-07-22T12:18:53.345+0000] {local_task_job_runner.py:240} INFO - Task exited with return code 0
[2025-07-22T12:18:53.365+0000] {taskinstance.py:3498} INFO - 1 downstream tasks scheduled from follow-on schedule check
[2025-07-22T12:18:53.367+0000] {local_task_job_runner.py:222} INFO - ::endgroup::
