[2025-07-22T12:53:55.502+0000] {local_task_job_runner.py:120} INFO - ::group::Pre task execution logs
[2025-07-22T12:53:55.528+0000] {taskinstance.py:2076} INFO - Dependencies all met for dep_context=non-requeueable deps ti=<TaskInstance: mlops_spotify_pipeline.crawl_data manual__2025-07-22T12:53:54.003689+00:00 [queued]>
[2025-07-22T12:53:55.534+0000] {taskinstance.py:2076} INFO - Dependencies all met for dep_context=requeueable deps ti=<TaskInstance: mlops_spotify_pipeline.crawl_data manual__2025-07-22T12:53:54.003689+00:00 [queued]>
[2025-07-22T12:53:55.534+0000] {taskinstance.py:2306} INFO - Starting attempt 1 of 2
[2025-07-22T12:53:55.545+0000] {taskinstance.py:2330} INFO - Executing <Task(PythonOperator): crawl_data> on 2025-07-22 12:53:54.003689+00:00
[2025-07-22T12:53:55.556+0000] {standard_task_runner.py:90} INFO - Running: ['***', 'tasks', 'run', 'mlops_spotify_pipeline', 'crawl_data', 'manual__2025-07-22T12:53:54.003689+00:00', '--job-id', '41', '--raw', '--subdir', 'DAGS_FOLDER/spotify_crawl_dag.py', '--cfg-path', '/tmp/tmp163nlm68']
[2025-07-22T12:53:55.559+0000] {standard_task_runner.py:91} INFO - Job 41: Subtask crawl_data
[2025-07-22T12:53:55.559+0000] {logging_mixin.py:188} WARNING - /home/***/.local/lib/python3.12/site-packages/***/task/task_runner/standard_task_runner.py:61 DeprecationWarning: This process (pid=199) is multi-threaded, use of fork() may lead to deadlocks in the child.
[2025-07-22T12:53:55.560+0000] {standard_task_runner.py:63} INFO - Started process 212 to run task
[2025-07-22T12:53:55.620+0000] {task_command.py:426} INFO - Running <TaskInstance: mlops_spotify_pipeline.crawl_data manual__2025-07-22T12:53:54.003689+00:00 [running]> on host f05f9701c7a7
[2025-07-22T12:53:55.697+0000] {taskinstance.py:2648} INFO - Exporting env vars: AIRFLOW_CTX_DAG_OWNER='***' AIRFLOW_CTX_DAG_ID='mlops_spotify_pipeline' AIRFLOW_CTX_TASK_ID='crawl_data' AIRFLOW_CTX_EXECUTION_DATE='2025-07-22T12:53:54.003689+00:00' AIRFLOW_CTX_TRY_NUMBER='1' AIRFLOW_CTX_DAG_RUN_ID='manual__2025-07-22T12:53:54.003689+00:00'
[2025-07-22T12:53:55.699+0000] {taskinstance.py:430} INFO - ::endgroup::
[2025-07-22T12:53:55.721+0000] {checkpoint_manager.py:12} INFO - Loaded checkpoint with 6 playlist IDs
[2025-07-22T12:53:55.724+0000] {spotify_crawl_dag.py:18} INFO - Found 6 pending playlists
[2025-07-22T12:53:55.725+0000] {spotify_crawl_dag.py:22} INFO - Processing playlist 6XFOsAdp88ptBCdqUMAfmP
[2025-07-22T12:53:56.019+0000] {token_manager.py:84} INFO - Successfully obtained client credentials token
[2025-07-22T12:53:56.020+0000] {crawl_playlist.py:16} INFO - Crawling playlist 6XFOsAdp88ptBCdqUMAfmP
[2025-07-22T12:53:56.021+0000] {spotify_client.py:37} INFO - Fetching tracks for playlist 6XFOsAdp88ptBCdqUMAfmP at offset 0
[2025-07-22T12:53:56.723+0000] {spotify_client.py:37} INFO - Fetching tracks for playlist 6XFOsAdp88ptBCdqUMAfmP at offset 100
[2025-07-22T12:53:56.959+0000] {spotify_client.py:97} INFO - Fetched 152 tracks for playlist 6XFOsAdp88ptBCdqUMAfmP
[2025-07-22T12:53:56.960+0000] {crawl_playlist.py:59} INFO - Saving 152 tracks for playlist 6XFOsAdp88ptBCdqUMAfmP
[2025-07-22T12:53:56.972+0000] {checkpoint_manager.py:19} INFO - Saving checkpoint with 6 playlist IDs
[2025-07-22T12:53:56.975+0000] {spotify_crawl_dag.py:27} INFO - Updated checkpoint for playlist 6XFOsAdp88ptBCdqUMAfmP with status done
[2025-07-22T12:53:56.976+0000] {spotify_crawl_dag.py:22} INFO - Processing playlist 2JaUyOhoyfmDJlQy1CYjQm
[2025-07-22T12:53:57.173+0000] {token_manager.py:84} INFO - Successfully obtained client credentials token
[2025-07-22T12:53:57.175+0000] {crawl_playlist.py:16} INFO - Crawling playlist 2JaUyOhoyfmDJlQy1CYjQm
[2025-07-22T12:53:57.175+0000] {spotify_client.py:37} INFO - Fetching tracks for playlist 2JaUyOhoyfmDJlQy1CYjQm at offset 0
[2025-07-22T12:53:57.554+0000] {spotify_client.py:97} INFO - Fetched 30 tracks for playlist 2JaUyOhoyfmDJlQy1CYjQm
[2025-07-22T12:53:57.555+0000] {crawl_playlist.py:59} INFO - Saving 30 tracks for playlist 2JaUyOhoyfmDJlQy1CYjQm
[2025-07-22T12:53:57.568+0000] {checkpoint_manager.py:19} INFO - Saving checkpoint with 6 playlist IDs
[2025-07-22T12:53:57.575+0000] {spotify_crawl_dag.py:27} INFO - Updated checkpoint for playlist 2JaUyOhoyfmDJlQy1CYjQm with status done
[2025-07-22T12:53:57.575+0000] {spotify_crawl_dag.py:22} INFO - Processing playlist 02zSPmcae3ct4moT8om7kK
[2025-07-22T12:53:57.780+0000] {token_manager.py:84} INFO - Successfully obtained client credentials token
[2025-07-22T12:53:57.782+0000] {crawl_playlist.py:16} INFO - Crawling playlist 02zSPmcae3ct4moT8om7kK
[2025-07-22T12:53:57.782+0000] {spotify_client.py:37} INFO - Fetching tracks for playlist 02zSPmcae3ct4moT8om7kK at offset 0
[2025-07-22T12:53:58.182+0000] {spotify_client.py:37} INFO - Fetching tracks for playlist 02zSPmcae3ct4moT8om7kK at offset 100
[2025-07-22T12:53:58.409+0000] {spotify_client.py:97} INFO - Fetched 129 tracks for playlist 02zSPmcae3ct4moT8om7kK
[2025-07-22T12:53:58.410+0000] {crawl_playlist.py:59} INFO - Saving 129 tracks for playlist 02zSPmcae3ct4moT8om7kK
[2025-07-22T12:53:58.416+0000] {checkpoint_manager.py:19} INFO - Saving checkpoint with 6 playlist IDs
[2025-07-22T12:53:58.418+0000] {spotify_crawl_dag.py:27} INFO - Updated checkpoint for playlist 02zSPmcae3ct4moT8om7kK with status done
[2025-07-22T12:53:58.419+0000] {spotify_crawl_dag.py:22} INFO - Processing playlist 1SkrX3lyW8UBELc68IRC4j
[2025-07-22T12:53:58.590+0000] {token_manager.py:84} INFO - Successfully obtained client credentials token
[2025-07-22T12:53:58.592+0000] {crawl_playlist.py:16} INFO - Crawling playlist 1SkrX3lyW8UBELc68IRC4j
[2025-07-22T12:53:58.593+0000] {spotify_client.py:37} INFO - Fetching tracks for playlist 1SkrX3lyW8UBELc68IRC4j at offset 0
[2025-07-22T12:53:59.228+0000] {spotify_client.py:37} INFO - Fetching tracks for playlist 1SkrX3lyW8UBELc68IRC4j at offset 100
[2025-07-22T12:53:59.448+0000] {spotify_client.py:97} INFO - Fetched 117 tracks for playlist 1SkrX3lyW8UBELc68IRC4j
[2025-07-22T12:53:59.449+0000] {crawl_playlist.py:28} WARNING - Skipping invalid track in playlist 1SkrX3lyW8UBELc68IRC4j: None
[2025-07-22T12:53:59.450+0000] {crawl_playlist.py:59} INFO - Saving 116 tracks for playlist 1SkrX3lyW8UBELc68IRC4j
[2025-07-22T12:53:59.458+0000] {checkpoint_manager.py:19} INFO - Saving checkpoint with 6 playlist IDs
[2025-07-22T12:53:59.463+0000] {spotify_crawl_dag.py:27} INFO - Updated checkpoint for playlist 1SkrX3lyW8UBELc68IRC4j with status done
[2025-07-22T12:53:59.463+0000] {spotify_crawl_dag.py:22} INFO - Processing playlist 6VCsmVYfvQI8lmSMEAwWso
[2025-07-22T12:53:59.657+0000] {token_manager.py:84} INFO - Successfully obtained client credentials token
[2025-07-22T12:53:59.659+0000] {crawl_playlist.py:16} INFO - Crawling playlist 6VCsmVYfvQI8lmSMEAwWso
[2025-07-22T12:53:59.659+0000] {spotify_client.py:37} INFO - Fetching tracks for playlist 6VCsmVYfvQI8lmSMEAwWso at offset 0
[2025-07-22T12:54:00.082+0000] {spotify_client.py:37} INFO - Fetching tracks for playlist 6VCsmVYfvQI8lmSMEAwWso at offset 100
[2025-07-22T12:54:00.530+0000] {spotify_client.py:37} INFO - Fetching tracks for playlist 6VCsmVYfvQI8lmSMEAwWso at offset 200
[2025-07-22T12:54:00.899+0000] {spotify_client.py:37} INFO - Fetching tracks for playlist 6VCsmVYfvQI8lmSMEAwWso at offset 300
[2025-07-22T12:54:01.235+0000] {spotify_client.py:37} INFO - Fetching tracks for playlist 6VCsmVYfvQI8lmSMEAwWso at offset 400
[2025-07-22T12:54:01.718+0000] {spotify_client.py:37} INFO - Fetching tracks for playlist 6VCsmVYfvQI8lmSMEAwWso at offset 500
[2025-07-22T12:54:02.420+0000] {spotify_client.py:37} INFO - Fetching tracks for playlist 6VCsmVYfvQI8lmSMEAwWso at offset 600
[2025-07-22T12:54:02.686+0000] {spotify_client.py:97} INFO - Fetched 625 tracks for playlist 6VCsmVYfvQI8lmSMEAwWso
[2025-07-22T12:54:02.688+0000] {crawl_playlist.py:59} INFO - Saving 625 tracks for playlist 6VCsmVYfvQI8lmSMEAwWso
[2025-07-22T12:54:02.702+0000] {checkpoint_manager.py:19} INFO - Saving checkpoint with 6 playlist IDs
[2025-07-22T12:54:02.705+0000] {spotify_crawl_dag.py:27} INFO - Updated checkpoint for playlist 6VCsmVYfvQI8lmSMEAwWso with status done
[2025-07-22T12:54:02.706+0000] {spotify_crawl_dag.py:22} INFO - Processing playlist 0mrqaVOe6KYEEcaSYhVK4a
[2025-07-22T12:54:02.997+0000] {token_manager.py:84} INFO - Successfully obtained client credentials token
[2025-07-22T12:54:02.999+0000] {crawl_playlist.py:16} INFO - Crawling playlist 0mrqaVOe6KYEEcaSYhVK4a
[2025-07-22T12:54:02.999+0000] {spotify_client.py:37} INFO - Fetching tracks for playlist 0mrqaVOe6KYEEcaSYhVK4a at offset 0
[2025-07-22T12:54:03.607+0000] {spotify_client.py:37} INFO - Fetching tracks for playlist 0mrqaVOe6KYEEcaSYhVK4a at offset 100
[2025-07-22T12:54:03.896+0000] {spotify_client.py:97} INFO - Fetched 162 tracks for playlist 0mrqaVOe6KYEEcaSYhVK4a
[2025-07-22T12:54:03.897+0000] {crawl_playlist.py:59} INFO - Saving 162 tracks for playlist 0mrqaVOe6KYEEcaSYhVK4a
[2025-07-22T12:54:03.903+0000] {checkpoint_manager.py:19} INFO - Saving checkpoint with 6 playlist IDs
[2025-07-22T12:54:03.906+0000] {spotify_crawl_dag.py:27} INFO - Updated checkpoint for playlist 0mrqaVOe6KYEEcaSYhVK4a with status done
[2025-07-22T12:54:03.946+0000] {python.py:237} INFO - Done. Returned value was: None
[2025-07-22T12:54:03.947+0000] {taskinstance.py:441} INFO - ::group::Post task execution logs
[2025-07-22T12:54:03.957+0000] {taskinstance.py:1206} INFO - Marking task as SUCCESS. dag_id=mlops_spotify_pipeline, task_id=crawl_data, run_id=manual__2025-07-22T12:53:54.003689+00:00, execution_date=20250722T125354, start_date=20250722T125355, end_date=20250722T125403
[2025-07-22T12:54:04.082+0000] {local_task_job_runner.py:240} INFO - Task exited with return code 0
[2025-07-22T12:54:04.102+0000] {taskinstance.py:3498} INFO - 1 downstream tasks scheduled from follow-on schedule check
[2025-07-22T12:54:04.207+0000] {local_task_job_runner.py:222} INFO - ::endgroup::
